<?xml version="1.0" encoding="UTF-8"?>
<testng-results skipped="0" failed="0" ignored="0" total="2" passed="2">
  <reporter-output>
  </reporter-output>
  <suite name="Suite" duration-ms="27132" started-at="2023-01-08T15:52:14Z" finished-at="2023-01-08T15:52:41Z">
    <groups>
    </groups>
    <test name="Test" duration-ms="27132" started-at="2023-01-08T15:52:14Z" finished-at="2023-01-08T15:52:41Z">
      <class name="com.stc.jan2023.Launchbrowser">
        <test-method status="PASS" signature="f()[pri:0, instance:com.stc.jan2023.Launchbrowser@77a57272]" name="f" duration-ms="27080" started-at="2023-01-08T15:52:14Z" finished-at="2023-01-08T15:52:41Z">
          <reporter-output>
          </reporter-output>
        </test-method> <!-- f -->
      </class> <!-- com.stc.jan2023.Launchbrowser -->
      <class name="com.stc.jan2023.FirstTest">
        <test-method status="PASS" signature="f()[pri:0, instance:com.stc.jan2023.FirstTest@33b37288]" name="f" duration-ms="10" started-at="2023-01-08T15:52:14Z" finished-at="2023-01-08T15:52:14Z">
          <reporter-output>
          </reporter-output>
        </test-method> <!-- f -->
      </class> <!-- com.stc.jan2023.FirstTest -->
    </test> <!-- Test -->
  </suite> <!-- Suite -->
</testng-results>
