<?xml version="1.0" encoding="UTF-8"?>
<testng-results skipped="0" failed="0" ignored="0" total="3" passed="3">
  <reporter-output>
  </reporter-output>
  <suite name="Suite" duration-ms="11261" started-at="2023-01-08T16:37:47Z" finished-at="2023-01-08T16:37:58Z">
    <groups>
    </groups>
    <test name="Test" duration-ms="11261" started-at="2023-01-08T16:37:47Z" finished-at="2023-01-08T16:37:58Z">
      <class name="com.stc.jan2023.Launchbrowser">
        <test-method status="PASS" signature="f()[pri:0, instance:com.stc.jan2023.Launchbrowser@7181ae3f]" name="f" duration-ms="11220" started-at="2023-01-08T16:37:47Z" finished-at="2023-01-08T16:37:58Z">
          <reporter-output>
          </reporter-output>
        </test-method> <!-- f -->
      </class> <!-- com.stc.jan2023.Launchbrowser -->
      <class name="com.stc.jan2023.Third">
        <test-method status="PASS" signature="f()[pri:0, instance:com.stc.jan2023.Third@46238e3f]" name="f" duration-ms="1" started-at="2023-01-08T16:37:58Z" finished-at="2023-01-08T16:37:58Z">
          <reporter-output>
          </reporter-output>
        </test-method> <!-- f -->
      </class> <!-- com.stc.jan2023.Third -->
      <class name="com.stc.jan2023.FirstTest">
        <test-method status="PASS" signature="f()[pri:0, instance:com.stc.jan2023.FirstTest@77a57272]" name="f" duration-ms="7" started-at="2023-01-08T16:37:47Z" finished-at="2023-01-08T16:37:47Z">
          <reporter-output>
          </reporter-output>
        </test-method> <!-- f -->
      </class> <!-- com.stc.jan2023.FirstTest -->
    </test> <!-- Test -->
  </suite> <!-- Suite -->
</testng-results>
