<?xml version="1.0" encoding="UTF-8"?>
<testng-results skipped="0" failed="0" ignored="0" total="2" passed="2">
  <reporter-output>
  </reporter-output>
  <suite name="Suite" duration-ms="48075" started-at="2023-01-08T21:16:37 IST" finished-at="2023-01-08T21:17:25 IST">
    <groups>
    </groups>
    <test name="Test" duration-ms="48075" started-at="2023-01-08T21:16:37 IST" finished-at="2023-01-08T21:17:25 IST">
      <class name="com.stc.jan2023.Launchbrowser">
        <test-method status="PASS" signature="f()[pri:0, instance:com.stc.jan2023.Launchbrowser@6c49835d]" name="f" duration-ms="47956" started-at="2023-01-08T21:16:37 IST" finished-at="2023-01-08T21:17:25 IST">
          <reporter-output>
          </reporter-output>
        </test-method> <!-- f -->
      </class> <!-- com.stc.jan2023.Launchbrowser -->
      <class name="com.stc.jan2023.FirstTest">
        <test-method status="PASS" signature="f()[pri:0, instance:com.stc.jan2023.FirstTest@5a8806ef]" name="f" duration-ms="17" started-at="2023-01-08T21:16:37 IST" finished-at="2023-01-08T21:16:37 IST">
          <reporter-output>
          </reporter-output>
        </test-method> <!-- f -->
      </class> <!-- com.stc.jan2023.FirstTest -->
    </test> <!-- Test -->
  </suite> <!-- Suite -->
</testng-results>
